\BOOKMARK [1][-]{section.1}{\376\377\137\025\212\000}{}% 1
\BOOKMARK [2][-]{subsection.1.1}{\376\377\127\372\221\321\116\055\127\372\221\321\166\204\215\167\156\220}{section.1}% 2
\BOOKMARK [2][-]{subsection.1.2}{\376\377\127\372\221\321\116\055\127\372\221\321\166\204\142\020\161\237\131\121\147\072}{section.1}% 3
\BOOKMARK [2][-]{subsection.1.3}{\376\377\127\372\221\321\116\055\127\372\221\321\116\016\121\173\200\001\221\321\166\204\121\163\174\373}{section.1}% 4
\BOOKMARK [2][-]{subsection.1.4}{\376\377\177\216\126\375\000F\000O\000F\136\002\127\072\166\204\140\073\215\104\116\247\136\217\122\027}{section.1}% 5
\BOOKMARK [1][-]{section.2}{\376\377\177\216\126\375\000F\000O\000F\136\002\127\072\140\073\215\104\116\247\136\372\152\041}{}% 6
\BOOKMARK [2][-]{subsection.2.1}{\376\377\133\371\215\104\116\247\133\371\145\160\130\236\225\177\163\207\136\372\172\313\000M\000A\000\050\0005\000\051\152\041\127\213}{section.2}% 7
\BOOKMARK [2][-]{subsection.2.2}{\376\377\152\041\127\213\213\312\145\255\116\016\137\002\136\070\120\074\131\004\164\006}{section.2}% 8
\BOOKMARK [2][-]{subsection.2.3}{\376\377\133\371\214\003\145\164\124\016\166\204\136\217\122\027\136\372\172\313\000A\000R\000M\000A\000\050\0000\000,\0005\000\051\000-\000G\000A\000R\000C\000H\000\050\0001\000,\0001\000\051\152\041\127\213}{section.2}% 9
\BOOKMARK [1][-]{section.3}{\376\377\177\216\126\375\121\173\200\001\221\321\215\104\116\247\136\372\152\041}{}% 10
\BOOKMARK [2][-]{subsection.3.1}{\376\377\166\175\126\152\130\360\136\217\122\027}{section.3}% 11
\BOOKMARK [2][-]{subsection.3.2}{\376\377\121\173\200\001\221\321\133\371\145\160\130\236\225\177\163\207\136\217\122\027\122\006\136\003\122\006\147\220}{section.3}% 12
\BOOKMARK [1][-]{section.4}{\376\377\116\016\220\000\117\021\121\173\200\001\215\104\116\247\166\204\123\117\145\164\121\163\174\373}{}% 13
\BOOKMARK [1][-]{section.5}{\376\377\176\323\213\272}{}% 14
\BOOKMARK [1][-]{appendix.A}{\376\377\145\160\143\156}{}% 15
\BOOKMARK [2][-]{subsection.A.1}{\376\377\177\216\126\375\127\372\221\321\116\055\127\372\221\321\136\002\127\072\166\204\211\304\152\041}{appendix.A}% 16
\BOOKMARK [2][-]{subsection.A.2}{\376\377\177\216\126\375\220\000\117\021\121\173\200\001\215\104\116\247\211\304\152\041}{appendix.A}% 17
\BOOKMARK [1][-]{appendix.B}{\376\377\116\343\170\001}{}% 18
\BOOKMARK [2][-]{subsection.B.1}{\376\377\000F\000O\000F\215\104\116\247\136\372\152\041\116\343\170\001}{appendix.B}% 19
\BOOKMARK [2][-]{subsection.B.2}{\376\377\121\173\200\001\221\321\116\055\000I\000R\000A\000+\000D\000C\220\350\122\006\136\372\152\041\116\343\170\001}{appendix.B}% 20
\BOOKMARK [2][-]{subsection.B.3}{\376\377\000F\000O\000F\136\002\127\072\124\214\121\173\200\001\221\321\123\117\145\164\121\163\174\373\122\006\147\220\136\372\152\041\116\343\170\001}{appendix.B}% 21
